2023-01-19 08:48:31.3142||DEBUG|CIMWebAPI.Program|init main function 
2023-01-19 08:48:33.9695||INFO|Microsoft.Hosting.Lifetime|Now listening on: https://localhost:5001 
2023-01-19 08:48:33.9796||INFO|Microsoft.Hosting.Lifetime|Now listening on: http://localhost:5000 
2023-01-19 08:48:33.9796||INFO|Microsoft.Hosting.Lifetime|Application started. Press Ctrl+C to shut down. 
2023-01-19 08:48:33.9796||INFO|Microsoft.Hosting.Lifetime|Hosting environment: Development 
2023-01-19 08:48:33.9796||INFO|Microsoft.Hosting.Lifetime|Content root path: C:\projects\inovo\WaldoCode\Waldo Code\0.Development\Liberty DFS\CIMWebAPI V0.2\CIMWebAPI V0.2\CIMWebAPI 
2023-01-19 08:48:35.3466|1|INFO|Microsoft.AspNetCore.Hosting.Diagnostics|Request starting HTTP/2 GET https://localhost:5001/   
2023-01-19 08:48:35.3890||INFO|CIMWebAPI.RequestLoggingMiddleware|
Accept:text/html,application/xhtml+xml,application/xml;q=0.9,image/avif,image/webp,image/apng,*/*;q=0.8,application/signed-exchange;v=b3;q=0.9
Accept-Encoding:gzip, deflate, br
Accept-Language:en-US,en;q=0.9
Cookie:__utma=111872281.1628117965.1645777738.1645783375.1645788338.3
Host:localhost:5001
User-Agent:Mozilla/5.0 (Windows NT 10.0; Win64; x64) AppleWebKit/537.36 (KHTML, like Gecko) Chrome/109.0.0.0 Safari/537.36
Upgrade-Insecure-Requests:1
:method:GET
:authority:localhost:5001
:scheme:https
:path:/
sec-ch-ua:"Not_A Brand";v="99", "Google Chrome";v="109", "Chromium";v="109"
sec-ch-ua-mobile:?0
sec-ch-ua-platform:"Windows"
sec-fetch-site:none
sec-fetch-mode:navigate
sec-fetch-user:?1
sec-fetch-dest:document
Request body:
 
2023-01-19 08:48:35.4435|2|INFO|Microsoft.AspNetCore.Hosting.Diagnostics|Request finished in 96.6442ms 404  
2023-01-19 08:49:33.5832||DEBUG|CIMWebAPI.Program|init main function 
2023-01-19 08:49:35.2877||INFO|Microsoft.Hosting.Lifetime|Application started. Press Ctrl+C to shut down. 
2023-01-19 08:49:35.3014||INFO|Microsoft.Hosting.Lifetime|Hosting environment: Development 
2023-01-19 08:49:35.3217||INFO|Microsoft.Hosting.Lifetime|Content root path: C:\projects\inovo\WaldoCode\Waldo Code\0.Development\Liberty DFS\CIMWebAPI V0.2\CIMWebAPI V0.2\CIMWebAPI 
2023-01-19 08:49:35.3217|1|INFO|Microsoft.AspNetCore.Hosting.Diagnostics|Request starting HTTP/2.0 GET https://localhost:44341/   
2023-01-19 08:49:35.3826||INFO|CIMWebAPI.RequestLoggingMiddleware|
Accept:text/html,application/xhtml+xml,application/xml;q=0.9,image/avif,image/webp,image/apng,*/*;q=0.8,application/signed-exchange;v=b3;q=0.9
Accept-Encoding:gzip, deflate, br
Accept-Language:en-US,en;q=0.9
Connection:close
Cookie:__utma=111872281.1628117965.1645777738.1645783375.1645788338.3
Host:localhost:44341
User-Agent:Mozilla/5.0 (Windows NT 10.0; Win64; x64) AppleWebKit/537.36 (KHTML, like Gecko) Chrome/109.0.0.0 Safari/537.36
sec-ch-ua:"Not_A Brand";v="99", "Google Chrome";v="109", "Chromium";v="109"
sec-ch-ua-mobile:?0
sec-ch-ua-platform:"Windows"
upgrade-insecure-requests:1
sec-fetch-site:none
sec-fetch-mode:navigate
sec-fetch-user:?1
sec-fetch-dest:document
Request body:
 
2023-01-19 08:49:35.4510|2|INFO|Microsoft.AspNetCore.Hosting.Diagnostics|Request finished in 117.0292ms 404  
2023-01-19 08:50:53.3109|1|INFO|Microsoft.AspNetCore.Hosting.Diagnostics|Request starting HTTP/2.0 GET https://localhost:44341/   
2023-01-19 08:50:53.3322||INFO|CIMWebAPI.RequestLoggingMiddleware|
Accept:text/html,application/xhtml+xml,application/xml;q=0.9,image/avif,image/webp,image/apng,*/*;q=0.8,application/signed-exchange;v=b3;q=0.9
Accept-Encoding:gzip, deflate, br
Accept-Language:en-US,en;q=0.9
Cache-Control:max-age=0
Connection:close
Cookie:__utma=111872281.1628117965.1645777738.1645783375.1645788338.3
Host:localhost:44341
User-Agent:Mozilla/5.0 (Windows NT 10.0; Win64; x64) AppleWebKit/537.36 (KHTML, like Gecko) Chrome/109.0.0.0 Safari/537.36
sec-ch-ua:"Not_A Brand";v="99", "Google Chrome";v="109", "Chromium";v="109"
sec-ch-ua-mobile:?0
sec-ch-ua-platform:"Windows"
upgrade-insecure-requests:1
sec-fetch-site:cross-site
sec-fetch-mode:navigate
sec-fetch-user:?1
sec-fetch-dest:document
Request body:
 
2023-01-19 08:50:53.3792|2|INFO|Microsoft.AspNetCore.Hosting.Diagnostics|Request finished in 65.9208ms 404  
2023-01-19 08:50:54.3562|1|INFO|Microsoft.AspNetCore.Hosting.Diagnostics|Request starting HTTP/2.0 GET https://localhost:44341/   
2023-01-19 08:50:54.3562||INFO|CIMWebAPI.RequestLoggingMiddleware|
Accept:text/html,application/xhtml+xml,application/xml;q=0.9,image/avif,image/webp,image/apng,*/*;q=0.8,application/signed-exchange;v=b3;q=0.9
Accept-Encoding:gzip, deflate, br
Accept-Language:en-US,en;q=0.9
Cache-Control:max-age=0
Connection:close
Cookie:__utma=111872281.1628117965.1645777738.1645783375.1645788338.3
Host:localhost:44341
User-Agent:Mozilla/5.0 (Windows NT 10.0; Win64; x64) AppleWebKit/537.36 (KHTML, like Gecko) Chrome/109.0.0.0 Safari/537.36
sec-ch-ua:"Not_A Brand";v="99", "Google Chrome";v="109", "Chromium";v="109"
sec-ch-ua-mobile:?0
sec-ch-ua-platform:"Windows"
upgrade-insecure-requests:1
sec-fetch-site:cross-site
sec-fetch-mode:navigate
sec-fetch-user:?1
sec-fetch-dest:document
Request body:
 
2023-01-19 08:50:54.3692|2|INFO|Microsoft.AspNetCore.Hosting.Diagnostics|Request finished in 13.0842ms 404  
