2022-10-27 12:17:32.7643||DEBUG|CIMWebAPI.Program|init main function 
2022-10-27 12:17:34.5222||INFO|Microsoft.Hosting.Lifetime|Now listening on: https://localhost:5001 
2022-10-27 12:17:34.5496||INFO|Microsoft.Hosting.Lifetime|Now listening on: http://localhost:5000 
2022-10-27 12:17:34.5603||INFO|Microsoft.Hosting.Lifetime|Application started. Press Ctrl+C to shut down. 
2022-10-27 12:17:34.5603||INFO|Microsoft.Hosting.Lifetime|Hosting environment: Development 
2022-10-27 12:17:34.5746||INFO|Microsoft.Hosting.Lifetime|Content root path: C:\projects\inovo\WaldoCode\Waldo Code\0.Development\Liberty DFS\CIMWebAPI V0.2\CIMWebAPI V0.2\CIMWebAPI 
2022-10-27 12:17:35.8405|1|INFO|Microsoft.AspNetCore.Hosting.Diagnostics|Request starting HTTP/2 GET https://localhost:5001/   
2022-10-27 12:17:35.8915||INFO|CIMWebAPI.RequestLoggingMiddleware|
Accept:text/html,application/xhtml+xml,application/xml;q=0.9,image/avif,image/webp,image/apng,*/*;q=0.8,application/signed-exchange;v=b3;q=0.9
Accept-Encoding:gzip, deflate, br
Accept-Language:en-US,en;q=0.9
Cookie:__utma=111872281.1628117965.1645777738.1645783375.1645788338.3
Host:localhost:5001
User-Agent:Mozilla/5.0 (Windows NT 10.0; Win64; x64) AppleWebKit/537.36 (KHTML, like Gecko) Chrome/106.0.0.0 Safari/537.36
Upgrade-Insecure-Requests:1
:method:GET
:authority:localhost:5001
:scheme:https
:path:/
sec-ch-ua:"Chromium";v="106", "Google Chrome";v="106", "Not;A=Brand";v="99"
sec-ch-ua-mobile:?0
sec-ch-ua-platform:"Windows"
sec-fetch-site:none
sec-fetch-mode:navigate
sec-fetch-user:?1
sec-fetch-dest:document
Request body:
 
2022-10-27 12:17:35.9381|2|INFO|Microsoft.AspNetCore.Hosting.Diagnostics|Request finished in 98.0723ms 404  
2022-10-27 12:18:31.9834||DEBUG|CIMWebAPI.Program|init main function 
2022-10-27 12:18:33.2271||INFO|Microsoft.Hosting.Lifetime|Application started. Press Ctrl+C to shut down. 
2022-10-27 12:18:33.2271||INFO|Microsoft.Hosting.Lifetime|Hosting environment: Development 
2022-10-27 12:18:33.2619||INFO|Microsoft.Hosting.Lifetime|Content root path: C:\projects\inovo\WaldoCode\Waldo Code\0.Development\Liberty DFS\CIMWebAPI V0.2\CIMWebAPI V0.2\CIMWebAPI 
2022-10-27 12:18:33.2619|1|INFO|Microsoft.AspNetCore.Hosting.Diagnostics|Request starting HTTP/2.0 GET https://localhost:44341/   
2022-10-27 12:18:33.3245||INFO|CIMWebAPI.RequestLoggingMiddleware|
Accept:text/html,application/xhtml+xml,application/xml;q=0.9,image/avif,image/webp,image/apng,*/*;q=0.8,application/signed-exchange;v=b3;q=0.9
Accept-Encoding:gzip, deflate, br
Accept-Language:en-US,en;q=0.9
Connection:close
Cookie:__utma=111872281.1628117965.1645777738.1645783375.1645788338.3
Host:localhost:44341
User-Agent:Mozilla/5.0 (Windows NT 10.0; Win64; x64) AppleWebKit/537.36 (KHTML, like Gecko) Chrome/106.0.0.0 Safari/537.36
sec-ch-ua:"Chromium";v="106", "Google Chrome";v="106", "Not;A=Brand";v="99"
sec-ch-ua-mobile:?0
sec-ch-ua-platform:"Windows"
upgrade-insecure-requests:1
sec-fetch-site:none
sec-fetch-mode:navigate
sec-fetch-user:?1
sec-fetch-dest:document
Request body:
 
2022-10-27 12:18:33.4326|2|INFO|Microsoft.AspNetCore.Hosting.Diagnostics|Request finished in 170.2935ms 404  
2022-10-27 12:19:57.0128||DEBUG|CIMWebAPI.Program|init main function 
2022-10-27 12:20:24.1114||INFO|Microsoft.Hosting.Lifetime|Now listening on: https://localhost:5001 
2022-10-27 12:20:24.1373||INFO|Microsoft.Hosting.Lifetime|Now listening on: http://localhost:5000 
2022-10-27 12:20:24.2700||INFO|Microsoft.Hosting.Lifetime|Application started. Press Ctrl+C to shut down. 
2022-10-27 12:20:24.2811||INFO|Microsoft.Hosting.Lifetime|Hosting environment: Development 
2022-10-27 12:20:24.3036||INFO|Microsoft.Hosting.Lifetime|Content root path: C:\projects\inovo\WaldoCode\Waldo Code\0.Development\Liberty DFS\CIMWebAPI V0.2\CIMWebAPI V0.2\CIMWebAPI 
2022-10-27 12:20:25.3602|1|INFO|Microsoft.AspNetCore.Hosting.Diagnostics|Request starting HTTP/2 GET https://localhost:5001/   
2022-10-27 12:20:25.3877||INFO|CIMWebAPI.RequestLoggingMiddleware|
Accept:text/html,application/xhtml+xml,application/xml;q=0.9,image/avif,image/webp,image/apng,*/*;q=0.8,application/signed-exchange;v=b3;q=0.9
Accept-Encoding:gzip, deflate, br
Accept-Language:en-US,en;q=0.9
Cookie:__utma=111872281.1628117965.1645777738.1645783375.1645788338.3
Host:localhost:5001
User-Agent:Mozilla/5.0 (Windows NT 10.0; Win64; x64) AppleWebKit/537.36 (KHTML, like Gecko) Chrome/106.0.0.0 Safari/537.36
Upgrade-Insecure-Requests:1
:method:GET
:authority:localhost:5001
:scheme:https
:path:/
sec-ch-ua:"Chromium";v="106", "Google Chrome";v="106", "Not;A=Brand";v="99"
sec-ch-ua-mobile:?0
sec-ch-ua-platform:"Windows"
sec-fetch-site:none
sec-fetch-mode:navigate
sec-fetch-user:?1
sec-fetch-dest:document
Request body:
 
2022-10-27 12:20:25.4366|2|INFO|Microsoft.AspNetCore.Hosting.Diagnostics|Request finished in 76.1205ms 404  
