2022-11-22 13:26:41.7050||DEBUG|CIMWebAPI.Program|init main function |url: |action: 
2022-11-22 13:26:46.4260||INFO|CIMWebAPI.RequestLoggingMiddleware|
Accept:text/html,application/xhtml+xml,application/xml;q=0.9,image/avif,image/webp,image/apng,*/*;q=0.8,application/signed-exchange;v=b3;q=0.9
Accept-Encoding:gzip, deflate, br
Accept-Language:en-US,en;q=0.9
Cookie:__utma=111872281.1628117965.1645777738.1645783375.1645788338.3
Host:localhost:5001
User-Agent:Mozilla/5.0 (Windows NT 10.0; Win64; x64) AppleWebKit/537.36 (KHTML, like Gecko) Chrome/107.0.0.0 Safari/537.36
Upgrade-Insecure-Requests:1
:method:GET
:authority:localhost:5001
:scheme:https
:path:/
sec-ch-ua:"Google Chrome";v="107", "Chromium";v="107", "Not=A?Brand";v="24"
sec-ch-ua-mobile:?0
sec-ch-ua-platform:"Windows"
sec-fetch-site:none
sec-fetch-mode:navigate
sec-fetch-user:?1
sec-fetch-dest:document
Request body:
 |url: https://localhost/|action: 
2022-11-22 13:26:51.7886||INFO|CIMWebAPI.RequestLoggingMiddleware|
Cache-Control:max-age=0
Accept:text/html,application/xhtml+xml,application/xml;q=0.9,image/avif,image/webp,image/apng,*/*;q=0.8,application/signed-exchange;v=b3;q=0.9
Accept-Encoding:gzip, deflate, br
Accept-Language:en-US,en;q=0.9
Cookie:__utma=111872281.1628117965.1645777738.1645783375.1645788338.3
Host:localhost:5001
User-Agent:Mozilla/5.0 (Windows NT 10.0; Win64; x64) AppleWebKit/537.36 (KHTML, like Gecko) Chrome/107.0.0.0 Safari/537.36
Upgrade-Insecure-Requests:1
:method:GET
:authority:localhost:5001
:scheme:https
:path:/
sec-ch-ua:"Google Chrome";v="107", "Chromium";v="107", "Not=A?Brand";v="24"
sec-ch-ua-mobile:?0
sec-ch-ua-platform:"Windows"
sec-fetch-site:none
sec-fetch-mode:navigate
sec-fetch-user:?1
sec-fetch-dest:document
Request body:
 |url: https://localhost/|action: 
